{"/Users/Dkfolkin/cipher/consts/programs.js": {"path":"/Users/Dkfolkin/cipher/consts/programs.js","statementMap":{"0":{"start":{"line":1,"column":17},"end":{"line":7,"column":1}},"1":{"start":{"line":9,"column":0},"end":{"line":9,"column":25}}},"fnMap":{},"branchMap":{},"s":{"0":1,"1":1},"f":{},"b":{},"_coverageSchema":"1a1c01bbd47fc00a2c39e90264f33305004495a9","hash":"1a49655b2a40c8bc9129e8d97f63b92d659ed055"}
,"/Users/Dkfolkin/cipher/test/mock/parseArgsMock.js": {"path":"/Users/Dkfolkin/cipher/test/mock/parseArgsMock.js","statementMap":{"0":{"start":{"line":1,"column":0},"end":{"line":7,"column":1}}},"fnMap":{},"branchMap":{},"s":{"0":1},"f":{},"b":{},"_coverageSchema":"1a1c01bbd47fc00a2c39e90264f33305004495a9","hash":"111b72b093eba2521ce2b83ffb8d5a0750ac986f"}
,"/Users/Dkfolkin/cipher/utils/dateNow.js": {"path":"/Users/Dkfolkin/cipher/utils/dateNow.js","statementMap":{"0":{"start":{"line":1,"column":16},"end":{"line":3,"column":1}},"1":{"start":{"line":2,"column":4},"end":{"line":2,"column":93}},"2":{"start":{"line":5,"column":0},"end":{"line":5,"column":25}}},"fnMap":{"0":{"name":"(anonymous_0)","decl":{"start":{"line":1,"column":16},"end":{"line":1,"column":17}},"loc":{"start":{"line":1,"column":22},"end":{"line":3,"column":1}},"line":1}},"branchMap":{},"s":{"0":1,"1":0,"2":1},"f":{"0":0},"b":{},"_coverageSchema":"1a1c01bbd47fc00a2c39e90264f33305004495a9","hash":"b7706a1a693faeca0ac805d6b59292049a65ec86"}
,"/Users/Dkfolkin/cipher/utils/parseArgs.js": {"path":"/Users/Dkfolkin/cipher/utils/parseArgs.js","statementMap":{"0":{"start":{"line":1,"column":17},"end":{"line":1,"column":46}},"1":{"start":{"line":2,"column":25},"end":{"line":2,"column":32}},"2":{"start":{"line":3,"column":23},"end":{"line":3,"column":129}},"3":{"start":{"line":4,"column":16},"end":{"line":4,"column":36}},"4":{"start":{"line":7,"column":25},"end":{"line":16,"column":1}},"5":{"start":{"line":8,"column":17},"end":{"line":8,"column":21}},"6":{"start":{"line":9,"column":4},"end":{"line":13,"column":7}},"7":{"start":{"line":10,"column":8},"end":{"line":12,"column":9}},"8":{"start":{"line":11,"column":12},"end":{"line":11,"column":27}},"9":{"start":{"line":15,"column":4},"end":{"line":15,"column":18}},"10":{"start":{"line":18,"column":18},"end":{"line":78,"column":1}},"11":{"start":{"line":19,"column":17},"end":{"line":19,"column":19}},"12":{"start":{"line":20,"column":22},"end":{"line":20,"column":23}},"13":{"start":{"line":21,"column":22},"end":{"line":21,"column":23}},"14":{"start":{"line":23,"column":4},"end":{"line":66,"column":7}},"15":{"start":{"line":24,"column":25},"end":{"line":24,"column":46}},"16":{"start":{"line":25,"column":24},"end":{"line":25,"column":31}},"17":{"start":{"line":26,"column":23},"end":{"line":26,"column":38}},"18":{"start":{"line":27,"column":8},"end":{"line":29,"column":9}},"19":{"start":{"line":28,"column":12},"end":{"line":28,"column":29}},"20":{"start":{"line":30,"column":8},"end":{"line":32,"column":9}},"21":{"start":{"line":31,"column":12},"end":{"line":31,"column":29}},"22":{"start":{"line":33,"column":8},"end":{"line":41,"column":9}},"23":{"start":{"line":34,"column":12},"end":{"line":39,"column":13}},"24":{"start":{"line":35,"column":16},"end":{"line":35,"column":49}},"25":{"start":{"line":37,"column":16},"end":{"line":37,"column":76}},"26":{"start":{"line":38,"column":16},"end":{"line":38,"column":32}},"27":{"start":{"line":43,"column":8},"end":{"line":53,"column":9}},"28":{"start":{"line":44,"column":12},"end":{"line":49,"column":13}},"29":{"start":{"line":45,"column":16},"end":{"line":45,"column":52}},"30":{"start":{"line":47,"column":16},"end":{"line":47,"column":88}},"31":{"start":{"line":48,"column":16},"end":{"line":48,"column":32}},"32":{"start":{"line":50,"column":15},"end":{"line":53,"column":9}},"33":{"start":{"line":51,"column":12},"end":{"line":51,"column":71}},"34":{"start":{"line":52,"column":12},"end":{"line":52,"column":28}},"35":{"start":{"line":55,"column":8},"end":{"line":65,"column":9}},"36":{"start":{"line":56,"column":12},"end":{"line":61,"column":13}},"37":{"start":{"line":57,"column":16},"end":{"line":57,"column":53}},"38":{"start":{"line":59,"column":16},"end":{"line":59,"column":76}},"39":{"start":{"line":60,"column":16},"end":{"line":60,"column":32}},"40":{"start":{"line":62,"column":15},"end":{"line":65,"column":9}},"41":{"start":{"line":63,"column":12},"end":{"line":63,"column":72}},"42":{"start":{"line":64,"column":12},"end":{"line":64,"column":28}},"43":{"start":{"line":67,"column":4},"end":{"line":70,"column":5}},"44":{"start":{"line":68,"column":8},"end":{"line":68,"column":74}},"45":{"start":{"line":69,"column":8},"end":{"line":69,"column":24}},"46":{"start":{"line":71,"column":4},"end":{"line":74,"column":5}},"47":{"start":{"line":72,"column":8},"end":{"line":72,"column":68}},"48":{"start":{"line":73,"column":8},"end":{"line":73,"column":24}},"49":{"start":{"line":75,"column":4},"end":{"line":75,"column":55}},"50":{"start":{"line":77,"column":4},"end":{"line":77,"column":16}},"51":{"start":{"line":80,"column":0},"end":{"line":80,"column":27}}},"fnMap":{"0":{"name":"(anonymous_0)","decl":{"start":{"line":7,"column":25},"end":{"line":7,"column":26}},"loc":{"start":{"line":7,"column":37},"end":{"line":16,"column":1}},"line":7},"1":{"name":"(anonymous_1)","decl":{"start":{"line":9,"column":30},"end":{"line":9,"column":31}},"loc":{"start":{"line":9,"column":41},"end":{"line":13,"column":5}},"line":9},"2":{"name":"(anonymous_2)","decl":{"start":{"line":18,"column":18},"end":{"line":18,"column":19}},"loc":{"start":{"line":18,"column":33},"end":{"line":78,"column":1}},"line":18},"3":{"name":"(anonymous_3)","decl":{"start":{"line":23,"column":22},"end":{"line":23,"column":23}},"loc":{"start":{"line":23,"column":36},"end":{"line":66,"column":5}},"line":23}},"branchMap":{"0":{"loc":{"start":{"line":10,"column":8},"end":{"line":12,"column":9}},"type":"if","locations":[{"start":{"line":10,"column":8},"end":{"line":12,"column":9}},{"start":{},"end":{}}],"line":10},"1":{"loc":{"start":{"line":27,"column":8},"end":{"line":29,"column":9}},"type":"if","locations":[{"start":{"line":27,"column":8},"end":{"line":29,"column":9}},{"start":{},"end":{}}],"line":27},"2":{"loc":{"start":{"line":30,"column":8},"end":{"line":32,"column":9}},"type":"if","locations":[{"start":{"line":30,"column":8},"end":{"line":32,"column":9}},{"start":{},"end":{}}],"line":30},"3":{"loc":{"start":{"line":33,"column":8},"end":{"line":41,"column":9}},"type":"if","locations":[{"start":{"line":33,"column":8},"end":{"line":41,"column":9}},{"start":{},"end":{}}],"line":33},"4":{"loc":{"start":{"line":33,"column":12},"end":{"line":33,"column":46}},"type":"binary-expr","locations":[{"start":{"line":33,"column":12},"end":{"line":33,"column":30}},{"start":{"line":33,"column":34},"end":{"line":33,"column":46}}],"line":33},"5":{"loc":{"start":{"line":34,"column":12},"end":{"line":39,"column":13}},"type":"if","locations":[{"start":{"line":34,"column":12},"end":{"line":39,"column":13}},{"start":{"line":36,"column":19},"end":{"line":39,"column":13}}],"line":34},"6":{"loc":{"start":{"line":43,"column":8},"end":{"line":53,"column":9}},"type":"if","locations":[{"start":{"line":43,"column":8},"end":{"line":53,"column":9}},{"start":{"line":50,"column":15},"end":{"line":53,"column":9}}],"line":43},"7":{"loc":{"start":{"line":43,"column":12},"end":{"line":43,"column":82}},"type":"binary-expr","locations":[{"start":{"line":43,"column":13},"end":{"line":43,"column":30}},{"start":{"line":43,"column":34},"end":{"line":43,"column":46}},{"start":{"line":43,"column":51},"end":{"line":43,"column":82}}],"line":43},"8":{"loc":{"start":{"line":44,"column":12},"end":{"line":49,"column":13}},"type":"if","locations":[{"start":{"line":44,"column":12},"end":{"line":49,"column":13}},{"start":{"line":46,"column":19},"end":{"line":49,"column":13}}],"line":44},"9":{"loc":{"start":{"line":50,"column":15},"end":{"line":53,"column":9}},"type":"if","locations":[{"start":{"line":50,"column":15},"end":{"line":53,"column":9}},{"start":{},"end":{}}],"line":50},"10":{"loc":{"start":{"line":50,"column":19},"end":{"line":50,"column":52}},"type":"binary-expr","locations":[{"start":{"line":50,"column":19},"end":{"line":50,"column":36}},{"start":{"line":50,"column":40},"end":{"line":50,"column":52}}],"line":50},"11":{"loc":{"start":{"line":55,"column":8},"end":{"line":65,"column":9}},"type":"if","locations":[{"start":{"line":55,"column":8},"end":{"line":65,"column":9}},{"start":{"line":62,"column":15},"end":{"line":65,"column":9}}],"line":55},"12":{"loc":{"start":{"line":55,"column":12},"end":{"line":55,"column":92}},"type":"binary-expr","locations":[{"start":{"line":55,"column":13},"end":{"line":55,"column":31}},{"start":{"line":55,"column":35},"end":{"line":55,"column":47}},{"start":{"line":55,"column":52},"end":{"line":55,"column":92}}],"line":55},"13":{"loc":{"start":{"line":56,"column":12},"end":{"line":61,"column":13}},"type":"if","locations":[{"start":{"line":56,"column":12},"end":{"line":61,"column":13}},{"start":{"line":58,"column":19},"end":{"line":61,"column":13}}],"line":56},"14":{"loc":{"start":{"line":62,"column":15},"end":{"line":65,"column":9}},"type":"if","locations":[{"start":{"line":62,"column":15},"end":{"line":65,"column":9}},{"start":{},"end":{}}],"line":62},"15":{"loc":{"start":{"line":62,"column":19},"end":{"line":62,"column":53}},"type":"binary-expr","locations":[{"start":{"line":62,"column":19},"end":{"line":62,"column":37}},{"start":{"line":62,"column":41},"end":{"line":62,"column":53}}],"line":62},"16":{"loc":{"start":{"line":67,"column":4},"end":{"line":70,"column":5}},"type":"if","locations":[{"start":{"line":67,"column":4},"end":{"line":70,"column":5}},{"start":{},"end":{}}],"line":67},"17":{"loc":{"start":{"line":71,"column":4},"end":{"line":74,"column":5}},"type":"if","locations":[{"start":{"line":71,"column":4},"end":{"line":74,"column":5}},{"start":{},"end":{}}],"line":71}},"s":{"0":1,"1":1,"2":1,"3":1,"4":1,"5":28,"6":28,"7":48,"8":40,"9":28,"10":1,"11":4,"12":4,"13":4,"14":4,"15":28,"16":28,"17":28,"18":28,"19":4,"20":28,"21":8,"22":28,"23":3,"24":2,"25":1,"26":1,"27":28,"28":4,"29":4,"30":0,"31":0,"32":24,"33":1,"34":1,"35":28,"36":4,"37":4,"38":0,"39":0,"40":24,"41":2,"42":2,"43":4,"44":0,"45":0,"46":4,"47":0,"48":0,"49":4,"50":4,"51":1},"f":{"0":28,"1":48,"2":4,"3":28},"b":{"0":[40,8],"1":[4,24],"2":[8,20],"3":[3,25],"4":[28,28],"5":[2,1],"6":[4,24],"7":[28,28,5],"8":[4,0],"9":[1,23],"10":[24,24],"11":[4,24],"12":[28,28,6],"13":[4,0],"14":[2,22],"15":[24,24],"16":[0,4],"17":[0,4]},"_coverageSchema":"1a1c01bbd47fc00a2c39e90264f33305004495a9","hash":"6636be2eb17d06c9de9cd2d09276ed431d642aab"}
}
