TN:
SF:consts/programs.js
FNF:0
FNH:0
DA:1,1
DA:9,1
LF:2
LH:2
BRF:0
BRH:0
end_of_record
TN:
SF:test/mock/parseArgsMock.js
FNF:0
FNH:0
DA:1,1
LF:1
LH:1
BRF:0
BRH:0
end_of_record
TN:
SF:utils/dateNow.js
FN:1,(anonymous_0)
FNF:1
FNH:0
FNDA:0,(anonymous_0)
DA:1,1
DA:2,0
DA:5,1
LF:3
LH:2
BRF:0
BRH:0
end_of_record
TN:
SF:utils/parseArgs.js
FN:7,(anonymous_0)
FN:9,(anonymous_1)
FN:18,(anonymous_2)
FN:23,(anonymous_3)
FNF:4
FNH:4
FNDA:28,(anonymous_0)
FNDA:48,(anonymous_1)
FNDA:4,(anonymous_2)
FNDA:28,(anonymous_3)
DA:1,1
DA:2,1
DA:3,1
DA:4,1
DA:7,1
DA:8,28
DA:9,28
DA:10,48
DA:11,40
DA:15,28
DA:18,1
DA:19,4
DA:20,4
DA:21,4
DA:23,4
DA:24,28
DA:25,28
DA:26,28
DA:27,28
DA:28,4
DA:30,28
DA:31,8
DA:33,28
DA:34,3
DA:35,2
DA:37,1
DA:38,1
DA:43,28
DA:44,4
DA:45,4
DA:47,0
DA:48,0
DA:50,24
DA:51,1
DA:52,1
DA:55,28
DA:56,4
DA:57,4
DA:59,0
DA:60,0
DA:62,24
DA:63,2
DA:64,2
DA:67,4
DA:68,0
DA:69,0
DA:71,4
DA:72,0
DA:73,0
DA:75,4
DA:77,4
DA:80,1
LF:52
LH:44
BRDA:10,0,0,40
BRDA:10,0,1,8
BRDA:27,1,0,4
BRDA:27,1,1,24
BRDA:30,2,0,8
BRDA:30,2,1,20
BRDA:33,3,0,3
BRDA:33,3,1,25
BRDA:33,4,0,28
BRDA:33,4,1,28
BRDA:34,5,0,2
BRDA:34,5,1,1
BRDA:43,6,0,4
BRDA:43,6,1,24
BRDA:43,7,0,28
BRDA:43,7,1,28
BRDA:43,7,2,5
BRDA:44,8,0,4
BRDA:44,8,1,0
BRDA:50,9,0,1
BRDA:50,9,1,23
BRDA:50,10,0,24
BRDA:50,10,1,24
BRDA:55,11,0,4
BRDA:55,11,1,24
BRDA:55,12,0,28
BRDA:55,12,1,28
BRDA:55,12,2,6
BRDA:56,13,0,4
BRDA:56,13,1,0
BRDA:62,14,0,2
BRDA:62,14,1,22
BRDA:62,15,0,24
BRDA:62,15,1,24
BRDA:67,16,0,0
BRDA:67,16,1,4
BRDA:71,17,0,0
BRDA:71,17,1,4
BRF:38
BRH:34
end_of_record
